build/outputs/logs/manifest-merger-debug-report.txt
-- Merging decision tree log ---
manifest
ADDED from Menu\AndroidManifest.xml:2:1-86:12
	package
		ADDED from Menu\AndroidManifest.xml:3:5-31
	android:versionName
		ADDED from Menu\AndroidManifest.xml:5:5-30
		INJECTED from Menu\AndroidManifest.xml
		INJECTED from Menu\AndroidManifest.xml
	android:versionCode
		ADDED from Menu\AndroidManifest.xml:4:5-28
		INJECTED from Menu\AndroidManifest.xml
		INJECTED from Menu\AndroidManifest.xml
	xmlns:android
		ADDED from Menu\AndroidManifest.xml:2:11-69
uses-sdk
ADDED from Menu\AndroidManifest.xml:7:5-9:41
	android:targetSdkVersion
		ADDED from Menu\AndroidManifest.xml:9:9-38
	android:minSdkVersion
		ADDED from Menu\AndroidManifest.xml:8:9-34
uses-permission#android.permission.INTERNET
ADDED from Menu\AndroidManifest.xml:11:5-67
	android:name
		ADDED from Menu\AndroidManifest.xml:11:22-64
application
ADDED from Menu\AndroidManifest.xml:13:5-84:19
	android:label
		ADDED from Menu\AndroidManifest.xml:16:9-41
	android:debuggable
		ADDED from Menu\AndroidManifest.xml:18:9-34
	android:allowBackup
		ADDED from Menu\AndroidManifest.xml:14:9-35
	android:icon
		ADDED from Menu\AndroidManifest.xml:15:9-45
	android:theme
		ADDED from Menu\AndroidManifest.xml:17:9-40
activity#com.example.menu.Denglu
ADDED from Menu\AndroidManifest.xml:19:9-27:20
	android:label
		ADDED from Menu\AndroidManifest.xml:21:13-45
	android:name
		ADDED from Menu\AndroidManifest.xml:20:13-51
intent-filter#android.intent.action.MAIN+android.intent.category.LAUNCHER
ADDED from Menu\AndroidManifest.xml:22:13-26:29
action#android.intent.action.MAIN
ADDED from Menu\AndroidManifest.xml:23:17-69
	android:name
		ADDED from Menu\AndroidManifest.xml:23:25-66
category#android.intent.category.LAUNCHER
ADDED from Menu\AndroidManifest.xml:25:17-77
	android:name
		ADDED from Menu\AndroidManifest.xml:25:27-74
activity#com.example.menu.MainActivity
ADDED from Menu\AndroidManifest.xml:28:9-31:20
	android:label
		ADDED from Menu\AndroidManifest.xml:30:13-58
	android:name
		ADDED from Menu\AndroidManifest.xml:29:13-57
activity#com.example.menu.GeRenZhongXin
ADDED from Menu\AndroidManifest.xml:32:9-35:20
	android:label
		ADDED from Menu\AndroidManifest.xml:34:13-68
	android:name
		ADDED from Menu\AndroidManifest.xml:33:13-58
activity#bingli.BingLi
ADDED from Menu\AndroidManifest.xml:36:9-39:20
	android:label
		ADDED from Menu\AndroidManifest.xml:38:13-59
	android:name
		ADDED from Menu\AndroidManifest.xml:37:13-41
activity#tixing.TiXing
ADDED from Menu\AndroidManifest.xml:40:9-43:20
	android:label
		ADDED from Menu\AndroidManifest.xml:42:13-59
	android:name
		ADDED from Menu\AndroidManifest.xml:41:13-41
activity#doctorzhuce.Yaodian
ADDED from Menu\AndroidManifest.xml:44:9-47:20
	android:label
		ADDED from Menu\AndroidManifest.xml:46:13-65
	android:name
		ADDED from Menu\AndroidManifest.xml:45:13-47
activity#fankui.YiJianFanKui
ADDED from Menu\AndroidManifest.xml:48:9-51:20
	android:label
		ADDED from Menu\AndroidManifest.xml:50:13-67
	android:name
		ADDED from Menu\AndroidManifest.xml:49:13-47
activity#gunayu.myAbout
ADDED from Menu\AndroidManifest.xml:52:9-55:20
	android:label
		ADDED from Menu\AndroidManifest.xml:54:13-57
	android:name
		ADDED from Menu\AndroidManifest.xml:53:13-42
activity#bingli.XinjianBL
ADDED from Menu\AndroidManifest.xml:56:9-59:20
	android:label
		ADDED from Menu\AndroidManifest.xml:58:13-62
	android:name
		ADDED from Menu\AndroidManifest.xml:57:13-44
activity#bingli.BingLixianshi
ADDED from Menu\AndroidManifest.xml:60:9-63:20
	android:label
		ADDED from Menu\AndroidManifest.xml:62:13-66
	android:name
		ADDED from Menu\AndroidManifest.xml:61:13-48
activity#tixing.ClockActivity
ADDED from Menu\AndroidManifest.xml:64:9-67:20
	android:label
		ADDED from Menu\AndroidManifest.xml:66:13-57
	android:name
		ADDED from Menu\AndroidManifest.xml:65:13-48
activity#com.example.menu.TingXing
ADDED from Menu\AndroidManifest.xml:68:9-71:20
	android:label
		ADDED from Menu\AndroidManifest.xml:70:13-61
	android:name
		ADDED from Menu\AndroidManifest.xml:69:13-53
activity#viewpager.FabiaoActivity
ADDED from Menu\AndroidManifest.xml:72:9-75:20
	android:label
		ADDED from Menu\AndroidManifest.xml:74:13-58
	android:name
		ADDED from Menu\AndroidManifest.xml:73:13-52
activity#viewpager.ItemActivity
ADDED from Menu\AndroidManifest.xml:76:9-79:20
	android:label
		ADDED from Menu\AndroidManifest.xml:78:13-56
	android:name
		ADDED from Menu\AndroidManifest.xml:77:13-50
activity#viewpager.ZixunActivity
ADDED from Menu\AndroidManifest.xml:80:9-83:20
	android:label
		ADDED from Menu\AndroidManifest.xml:82:13-57
	android:name
		ADDED from Menu\AndroidManifest.xml:81:13-51